unpacking 'github:Mic92/nix-update/1fe84000b8e3ea5975e9526ba04f389bd29ee0bb' into the Git cache...
these 132 paths will be fetched (117.14 MiB download, 499.24 MiB unpacked):
  /nix/store/jj3knbpiiwbwmplin208h775gzm86rc3-acl-2.3.2
  /nix/store/2mwbf3viqfqd3lr946slqby9y4k7d9lw-attr-2.5.2
  /nix/store/wh23zh89gvcpcl1siil6vq7nis22qsz9-aws-c-auth-0.9.1
  /nix/store/y5jlqs71bphdxc5wr0qg3sycsaaiwh60-aws-c-cal-0.9.2
  /nix/store/4hpi4khw172lg1b11b5h6isjl2pfgp4d-aws-c-common-0.12.4
  /nix/store/vvji6qglwdhr0yp1rgjlxm9smi81cib6-aws-c-compression-0.3.1
  /nix/store/n998r3m3n4yr37bjca1hsqqfc77jgbyw-aws-c-event-stream-0.5.7
  /nix/store/q3561ks3vzw6na6q79yl65ab0127dhim-aws-c-http-0.10.4
  /nix/store/760wzvlbagshgpj8ki45qzadi8mljlay-aws-c-io-0.22.0
  /nix/store/xn9cqjzbbqlrahbx7mjqficsdym2wz4w-aws-c-mqtt-0.13.3
  /nix/store/r8aig7sp10p67i2g77iipjprrhkf8vbw-aws-c-s3-0.8.7
  /nix/store/284z5c5y4j3bky2rl926pv94s11s4r2w-aws-c-sdkutils-0.2.4
  /nix/store/fv3xk0scymks235pz05q02z52997nn0b-aws-checksums-0.2.7
  /nix/store/lxrb2bhd1p954adwhwnz7dqrfs54jm5c-aws-crt-cpp-0.34.3
  /nix/store/xm7jnwmw6igf0c7n84zjsyahj5vdq3d3-aws-sdk-cpp-1.11.647
  /nix/store/cl2gkgnh26mmpka81pc2g5bzjfrili92-bash-5.3p3
  /nix/store/2j7r5np0vaz4cnqkymp1mqivmjj1x9xl-bash-interactive-5.3p3
  /nix/store/0rq5wg0y4hi057j4wxl2x26c4v6p4yiy-boehm-gc-8.2.8
  /nix/store/3f961lfjaswpa07sscarl5fffy05iwag-boost-1.87.0
  /nix/store/ghr32r09llv6n3q4wx9w113jprbcvsya-brotli-1.1.0-lib
  /nix/store/08qf7lv0rhyq7pzkp15bddm86nfrkwqv-busybox-1.36.1
  /nix/store/j59qq0cqb364kzzrx2r32swfljwklxlq-bzip2-1.0.8
  /nix/store/00bc157nm93q5fjz551fwk60ihlbilvj-coreutils-9.7
  /nix/store/y8n3yqamx85486qd3awiv91s55abkymc-curl-8.16.0
  /nix/store/1ix5pb9ks8wh09kbn64yny2l68wbyk2r-editline-1.17.1-unstable-2025-05-24
  /nix/store/hwlrgmpcndfdizlanyrg3ql756n3kblv-expat-2.7.2
  /nix/store/wq1cxh4s8rz8vs4ssp2z49v96m0nhxhj-findutils-4.10.0
  /nix/store/swbmnc2s8g2zxzxh62hx1vbbcg6i2r5b-gawk-5.3.2
  /nix/store/xp989kyfg52803fmkzbz5py35jphcpgd-gcc-14.3.0-lib
  /nix/store/8b9srwwmrwmh1yl613cwwj7gydl87br6-gcc-14.3.0-libgcc
  /nix/store/lwms1rx6zpc9l95m44411cyf0qrlqhk3-gdbm-1.26-lib
  /nix/store/vxhqq9paalnry3qaxlfhiqda9886akd3-gettext-0.25.1
  /nix/store/0vbjxlqj8zp0pdjl2szvg17a98vqwyqj-git-2.51.0
  /nix/store/bjl8dr5jw9cqiy5l62k927nd04qpbgsc-git-2.51.0-doc
  /nix/store/i64mn6wymz2j0mh1mrbj0q0dp34wl6m6-git-lfs-3.7.0
  /nix/store/682hlyp72pfgrga9gwfckfmxia8n0cx6-git-minimal-2.51.0
  /nix/store/qhw0sp183mqd04x5jp75981kwya64npv-glibc-2.40-66
  /nix/store/78xkc7z5m21chq7p6awrzgznz83xyml0-gmp-with-cxx-6.3.0
  /nix/store/6q57mnfak3q8ss656qgp245qzqvnniyr-gnugrep-3.12
  /nix/store/7zy6jnnpqh16b18j6ar289vhwp17msh0-gnused-4.9
  /nix/store/wd4i398mh329vhw93mvmamw3hrnhl257-gzip-1.14
  /nix/store/xmikxscqiwk0rvyc73finrhnvfryzb7z-iana-etc-20250505
  /nix/store/hpyfq2n0qr4qj3z1f7d2diw8sql5m84f-icu4c-76.1
  /nix/store/a3jg8g5fam9klp5ila9javf2q4wgjish-keyutils-1.6.3-lib
  /nix/store/xn5g4ncd73szqypzzmd98dk8xlzncwk4-krb5-1.22.1-lib
  /nix/store/aakri4kzhxb04hij6fz99a2r8d8sbbxa-libarchive-3.8.1-lib
  /nix/store/nbqa9c5kyzy2i6d95vndpl5xym66hhn5-libblake3-1.8.2
  /nix/store/zwbnb87xr1h2jfbjvf3hnvqfs9ddj48x-libcpuid-0.8.1
  /nix/store/jwjf14rgh6ms0vn2c4qvx2b6h97cg3ps-libffi-3.5.2
  /nix/store/v1rqcqjajvr1n7splqzgxw1ffp2c7fqq-libgit2-1.9.1-lib
  /nix/store/wwqyxsvmg41q5ckfvvv6wa50nwvz9dv4-libidn2-2.3.8
  /nix/store/hhc8m9h7c9naqv7jxg88w74h8vic1xf6-libpsl-0.21.5
  /nix/store/h8gaqrb6znm6bx3bgk6z1qz34g5ln355-libseccomp-2.6.0-lib
  /nix/store/1l4r8yk3d8chs04iw5h6bic3vs5ycj9g-libsodium-1.0.20
  /nix/store/mkf5y3rm5aaxl1pxqf81wa9ahlwk6gdr-libssh2-1.11.1
  /nix/store/7ndy5820h69n1pgd13viph1qjq6zhhkj-libunistring-1.3
  /nix/store/nkn950vf2i29k4v3z6w9717pjrg483ng-libxcrypt-4.4.38
  /nix/store/yw9ks7f8sx384yw37xrsqdxn2ljw2d1y-libxml2-2.14.6
  /nix/store/lngm7vwbcpibmqnr113rfllw6rj98vg8-llhttp-9.3.0
  /nix/store/d73v84fprk85g7hxaxalb9pyiqk0mp9g-lowdown-2.0.2-lib
  /nix/store/sl7xrwf1v63i6w4aabc9wq8k2hl3m1hb-mailcap-2.1.54
  /nix/store/j6ls69li3158l5lvb9pvwm6l28na4a31-mpdecimal-4.0.1
  /nix/store/lm4wm3f4ynilxw8yvgqq0hj2ng8ky9xy-ncurses-6.5
  /nix/store/r3w46fdy5cckfr5gqhzz7v924kvjlp5q-nghttp2-1.67.1-lib
  /nix/store/c8r8yaid1wa7p23x72cdsvcp9mic2bfy-nghttp3-1.11.0
  /nix/store/cbgfgddkai62pkw22ls37c5rpbx25820-ngtcp2-1.15.1
  /nix/store/2hi6rw5m36as8drc4s47snk7bz3mlbgf-nix-2.31.2
  /nix/store/n3yfk9nz6c3m2wi897bj0zwd5z0qkj46-nix-2.31.2
  /nix/store/a9ccqfpf2m82gr3cngy8244q4kia3d3l-nix-cmd-2.31.2
  /nix/store/9z9bjn33zj0baks976r2bxvvf05l30az-nix-expr-2.31.2
  /nix/store/v3vx4hdshbjp1yjhykh06y1lzzz056w6-nix-fetchers-2.31.2
  /nix/store/sy0qvg87vqgsjnvdvxj5gmchymfksky5-nix-flake-2.31.2
  /nix/store/asb7rgy9isyfxz0djxybn5bf75kh7afm-nix-main-2.31.2
  /nix/store/s40qyic0va1yyvprypv8qldl7mf70m0s-nix-prefetch-git
  /nix/store/z4ybb29zsicdaw4jk3bx0n3f6rhfflzk-nix-store-2.31.2
  /nix/store/h47sjkaqidvy6i8b7gqm2pm6jrs538kj-nix-update-1.13.1
  /nix/store/8yk8ij7n99fz6mlwv51vdnhdajfc272j-nix-util-2.31.2
  /nix/store/dhi1p814nmkwy76d98vfkak3c00mxk21-nixpkgs-review-3.5.1
  /nix/store/9pvkvw2663ji83all617barha8vp12gr-nss-cacert-3.115
  /nix/store/pxyw6j1jzxw1sps6pwb8pv1zlp50psbx-onetbb-2022.2.0
  /nix/store/0837wpkjb27cr70bi3pc4g2rw5v9r63l-openssl-3.5.2
  /nix/store/wqlkv0cjacnm7arca156p3d3vh0kdbmk-pcre2-10.46
  /nix/store/k2y9xpcdqxma66kag80nhbv0pq2bznzf-perl-5.40.0
  /nix/store/pz1n0d1ghrmqzmya3cbdpjf2305jbzw3-perl5.40.0-Authen-SASL-2.1900
  /nix/store/d59x637yk5v79qdw78qxffc1lgz32lcy-perl5.40.0-CGI-4.59
  /nix/store/bdscjjlb5cr4q5zx7qrx3v9766fyz9m6-perl5.40.0-CGI-Fast-2.16
  /nix/store/v4sfam5b2zwlfjpmxwcc30l6mm94n3y4-perl5.40.0-Clone-0.46
  /nix/store/nzz2zvm89s06lpl8an0haxq7bdkwp3rp-perl5.40.0-Crypt-URandom-0.54
  /nix/store/7zylg0hm0zdyrdlm6f25qf51kbvlf14x-perl5.40.0-Digest-HMAC-1.05
  /nix/store/z6zc4di5nwwgy1aymbxn5mfj1xf0jrwz-perl5.40.0-Encode-Locale-1.05
  /nix/store/983xgmfghfpn1ywklv9q675gfsqyw76i-perl5.40.0-FCGI-0.82
  /nix/store/62zlppp6622xj0mkxg6n80lnwvrbbk6a-perl5.40.0-FCGI-ProcManager-0.28
  /nix/store/d9ycrlqqnzq73h3gwas45rwcr0nllwmd-perl5.40.0-File-Listing-6.16
  /nix/store/skpb21n3bz8gfdsdnwa7kj0vbwl0knc7-perl5.40.0-HTML-Parser-3.81
  /nix/store/5v7iiv1y8s7mhkp01igziwqlmhbys22f-perl5.40.0-HTML-TagCloud-0.38
  /nix/store/9c4fbzm3wr5va36fxc97z2ylijrwhsl5-perl5.40.0-HTML-Tagset-3.20
  /nix/store/dyzcqj77dnh2d3pzv70csx4c3gw2facc-perl5.40.0-HTTP-CookieJar-0.014
  /nix/store/xkf0bmlxmbbgcqwalgzgb4g0j8q24bki-perl5.40.0-HTTP-Cookies-6.10
  /nix/store/xl9gh9y9i7b8km8d9qj20m041ylxnv58-perl5.40.0-HTTP-Daemon-6.16
  /nix/store/ys292avjinh408yfqic9yprjbijybwyw-perl5.40.0-HTTP-Date-6.06
  /nix/store/3djwqd17hb9rzcszjgs4c6gkqxjbmmd8-perl5.40.0-HTTP-Message-6.45
  /nix/store/ynns7bpgpxg4d8fr5hc83vlxagjibsw5-perl5.40.0-HTTP-Negotiate-6.01
  /nix/store/m0rargbnw9l7n76mqglyghkx3fn74sig-perl5.40.0-IO-HTML-1.004
  /nix/store/qf7v46w8bmvpg7fryjzrjjv4cfdkf6vb-perl5.40.0-IO-Socket-SSL-2.083
  /nix/store/vgc3y7m9ikyphfnbzx0slpgrkm3adppl-perl5.40.0-LWP-MediaTypes-6.04
  /nix/store/qrsfpbzf6bjwa5052giibmkjc8zw0na4-perl5.40.0-Mozilla-CA-20230821
  /nix/store/lbxvrsnp5i5fv92snidq5k7sd38ccakr-perl5.40.0-Net-HTTP-6.23
  /nix/store/67f2vnnvsf4gvkfhi494rk47fja4pz0x-perl5.40.0-Net-SMTP-SSL-1.04
  /nix/store/2cvn84b1xd2klr6pfqqymb2h0jallnkk-perl5.40.0-Net-SSLeay-1.92
  /nix/store/rhl954r78sjv12m3xjwllnxhqaz8zzg9-perl5.40.0-TermReadKey-2.38
  /nix/store/zp6imf2ai2icrppsm9mlab4m35n0bxb6-perl5.40.0-Test-Fatal-0.017
  /nix/store/bba9gwy595yinzypx60ww2fz12ay2a1k-perl5.40.0-Test-Needs-0.002010
  /nix/store/r9zqmqxsdnsvv7f2j7b472lj60737p64-perl5.40.0-Test-RequiresInternet-0.05
  /nix/store/3im7r44bi710gykp5fgpgw7m3kgssmbi-perl5.40.0-TimeDate-2.33
  /nix/store/6qvv26lwf0sidj1cwb88p1n9zan52fbj-perl5.40.0-Try-Tiny-0.31
  /nix/store/58cvzav8ys2rhyaphw7kk58jbgvddjpq-perl5.40.0-URI-5.21
  /nix/store/irbvk6yjmvk8qib91xw0c1k320bzmdaw-perl5.40.0-WWW-RobotRules-6.02
  /nix/store/2qc25q3312brf5zfg1pri774wk26np64-perl5.40.0-libnet-3.15
  /nix/store/yb2hi2nji5lp3dh1fbagh75685spgnl0-perl5.40.0-libwww-perl-6.72
  /nix/store/iyqjpwciapljxaf1r7b43xcvmlmfyl1c-publicsuffix-list-0-unstable-2025-08-28
  /nix/store/62fdlzq1x1ak2lsxp4ij7ip5k9nia3hc-python3-3.13.7
  /nix/store/5jym8j31r011dqi0swp6sh0p8wlybw0p-python3.13-argcomplete-3.6.2
  /nix/store/zqkjn730gir222v3mkp82c1pmqfb2j0l-readline-8.3p1
  /nix/store/x0irf9l0d56zmyz6lb0da0dhwgdfayav-s2n-tls-1.5.26
  /nix/store/jqrf546vxc6nzf4575m4am3w4ywq765i-sqlite-3.50.4
  /nix/store/jf2x6y1rd5grkhjz7yxjkyc6zylkr50v-tzdata-2025b
  /nix/store/vxz6inad3bs7n1w283hhz4rgzqhd1bn3-util-linux-minimal-2.41.1-lib
  /nix/store/0ja5daq2yay3svg6f48spyfby7pgy5bm-xgcc-14.3.0-libgcc
  /nix/store/swqs30pymm3ymv2qnkzs353xmpgr80jr-xz-5.8.1
  /nix/store/6qi8skh85ci2k9gvl27nnh3kiy32qnsz-zlib-1.3.1
  /nix/store/6g1cmlqmm5s7fnrvbb168wz32qzhyvjc-zlib-ng-2.2.5
  /nix/store/34g76lg3qsd6r9mh2450igcx151ig9h4-zstd-1.5.7
copying path '/nix/store/sl7xrwf1v63i6w4aabc9wq8k2hl3m1hb-mailcap-2.1.54' from 'https://cache.nixos.org'...
copying path '/nix/store/9pvkvw2663ji83all617barha8vp12gr-nss-cacert-3.115' from 'https://cache.nixos.org'...
copying path '/nix/store/jf2x6y1rd5grkhjz7yxjkyc6zylkr50v-tzdata-2025b' from 'https://cache.nixos.org'...
copying path '/nix/store/8b9srwwmrwmh1yl613cwwj7gydl87br6-gcc-14.3.0-libgcc' from 'https://cache.nixos.org'...
copying path '/nix/store/bjl8dr5jw9cqiy5l62k927nd04qpbgsc-git-2.51.0-doc' from 'https://cache.nixos.org'...
copying path '/nix/store/xmikxscqiwk0rvyc73finrhnvfryzb7z-iana-etc-20250505' from 'https://cache.nixos.org'...
copying path '/nix/store/7zylg0hm0zdyrdlm6f25qf51kbvlf14x-perl5.40.0-Digest-HMAC-1.05' from 'https://cache.nixos.org'...
copying path '/nix/store/62zlppp6622xj0mkxg6n80lnwvrbbk6a-perl5.40.0-FCGI-ProcManager-0.28' from 'https://cache.nixos.org'...
copying path '/nix/store/5v7iiv1y8s7mhkp01igziwqlmhbys22f-perl5.40.0-HTML-TagCloud-0.38' from 'https://cache.nixos.org'...
copying path '/nix/store/58cvzav8ys2rhyaphw7kk58jbgvddjpq-perl5.40.0-URI-5.21' from 'https://cache.nixos.org'...
copying path '/nix/store/0ja5daq2yay3svg6f48spyfby7pgy5bm-xgcc-14.3.0-libgcc' from 'https://cache.nixos.org'...
copying path '/nix/store/2qc25q3312brf5zfg1pri774wk26np64-perl5.40.0-libnet-3.15' from 'https://cache.nixos.org'...
copying path '/nix/store/08qf7lv0rhyq7pzkp15bddm86nfrkwqv-busybox-1.36.1' from 'https://cache.nixos.org'...
copying path '/nix/store/7ndy5820h69n1pgd13viph1qjq6zhhkj-libunistring-1.3' from 'https://cache.nixos.org'...
copying path '/nix/store/z6zc4di5nwwgy1aymbxn5mfj1xf0jrwz-perl5.40.0-Encode-Locale-1.05' from 'https://cache.nixos.org'...
copying path '/nix/store/9c4fbzm3wr5va36fxc97z2ylijrwhsl5-perl5.40.0-HTML-Tagset-3.20' from 'https://cache.nixos.org'...
copying path '/nix/store/m0rargbnw9l7n76mqglyghkx3fn74sig-perl5.40.0-IO-HTML-1.004' from 'https://cache.nixos.org'...
copying path '/nix/store/vgc3y7m9ikyphfnbzx0slpgrkm3adppl-perl5.40.0-LWP-MediaTypes-6.04' from 'https://cache.nixos.org'...
copying path '/nix/store/qrsfpbzf6bjwa5052giibmkjc8zw0na4-perl5.40.0-Mozilla-CA-20230821' from 'https://cache.nixos.org'...
copying path '/nix/store/bba9gwy595yinzypx60ww2fz12ay2a1k-perl5.40.0-Test-Needs-0.002010' from 'https://cache.nixos.org'...
copying path '/nix/store/lbxvrsnp5i5fv92snidq5k7sd38ccakr-perl5.40.0-Net-HTTP-6.23' from 'https://cache.nixos.org'...
copying path '/nix/store/r9zqmqxsdnsvv7f2j7b472lj60737p64-perl5.40.0-Test-RequiresInternet-0.05' from 'https://cache.nixos.org'...
copying path '/nix/store/3im7r44bi710gykp5fgpgw7m3kgssmbi-perl5.40.0-TimeDate-2.33' from 'https://cache.nixos.org'...
copying path '/nix/store/6qvv26lwf0sidj1cwb88p1n9zan52fbj-perl5.40.0-Try-Tiny-0.31' from 'https://cache.nixos.org'...
copying path '/nix/store/irbvk6yjmvk8qib91xw0c1k320bzmdaw-perl5.40.0-WWW-RobotRules-6.02' from 'https://cache.nixos.org'...
copying path '/nix/store/iyqjpwciapljxaf1r7b43xcvmlmfyl1c-publicsuffix-list-0-unstable-2025-08-28' from 'https://cache.nixos.org'...
copying path '/nix/store/ys292avjinh408yfqic9yprjbijybwyw-perl5.40.0-HTTP-Date-6.06' from 'https://cache.nixos.org'...
copying path '/nix/store/zp6imf2ai2icrppsm9mlab4m35n0bxb6-perl5.40.0-Test-Fatal-0.017' from 'https://cache.nixos.org'...
copying path '/nix/store/wwqyxsvmg41q5ckfvvv6wa50nwvz9dv4-libidn2-2.3.8' from 'https://cache.nixos.org'...
copying path '/nix/store/d9ycrlqqnzq73h3gwas45rwcr0nllwmd-perl5.40.0-File-Listing-6.16' from 'https://cache.nixos.org'...
copying path '/nix/store/dyzcqj77dnh2d3pzv70csx4c3gw2facc-perl5.40.0-HTTP-CookieJar-0.014' from 'https://cache.nixos.org'...
copying path '/nix/store/qhw0sp183mqd04x5jp75981kwya64npv-glibc-2.40-66' from 'https://cache.nixos.org'...
copying path '/nix/store/2mwbf3viqfqd3lr946slqby9y4k7d9lw-attr-2.5.2' from 'https://cache.nixos.org'...
copying path '/nix/store/4hpi4khw172lg1b11b5h6isjl2pfgp4d-aws-c-common-0.12.4' from 'https://cache.nixos.org'...
copying path '/nix/store/hwlrgmpcndfdizlanyrg3ql756n3kblv-expat-2.7.2' from 'https://cache.nixos.org'...
copying path '/nix/store/cl2gkgnh26mmpka81pc2g5bzjfrili92-bash-5.3p3' from 'https://cache.nixos.org'...
copying path '/nix/store/ghr32r09llv6n3q4wx9w113jprbcvsya-brotli-1.1.0-lib' from 'https://cache.nixos.org'...
copying path '/nix/store/j59qq0cqb364kzzrx2r32swfljwklxlq-bzip2-1.0.8' from 'https://cache.nixos.org'...
copying path '/nix/store/xp989kyfg52803fmkzbz5py35jphcpgd-gcc-14.3.0-lib' from 'https://cache.nixos.org'...
copying path '/nix/store/1ix5pb9ks8wh09kbn64yny2l68wbyk2r-editline-1.17.1-unstable-2025-05-24' from 'https://cache.nixos.org'...
copying path '/nix/store/7zy6jnnpqh16b18j6ar289vhwp17msh0-gnused-4.9' from 'https://cache.nixos.org'...
copying path '/nix/store/swbmnc2s8g2zxzxh62hx1vbbcg6i2r5b-gawk-5.3.2' from 'https://cache.nixos.org'...
copying path '/nix/store/i64mn6wymz2j0mh1mrbj0q0dp34wl6m6-git-lfs-3.7.0' from 'https://cache.nixos.org'...
copying path '/nix/store/lwms1rx6zpc9l95m44411cyf0qrlqhk3-gdbm-1.26-lib' from 'https://cache.nixos.org'...
copying path '/nix/store/hhc8m9h7c9naqv7jxg88w74h8vic1xf6-libpsl-0.21.5' from 'https://cache.nixos.org'...
copying path '/nix/store/zwbnb87xr1h2jfbjvf3hnvqfs9ddj48x-libcpuid-0.8.1' from 'https://cache.nixos.org'...
copying path '/nix/store/a3jg8g5fam9klp5ila9javf2q4wgjish-keyutils-1.6.3-lib' from 'https://cache.nixos.org'...
copying path '/nix/store/jwjf14rgh6ms0vn2c4qvx2b6h97cg3ps-libffi-3.5.2' from 'https://cache.nixos.org'...
copying path '/nix/store/1l4r8yk3d8chs04iw5h6bic3vs5ycj9g-libsodium-1.0.20' from 'https://cache.nixos.org'...
copying path '/nix/store/nkn950vf2i29k4v3z6w9717pjrg483ng-libxcrypt-4.4.38' from 'https://cache.nixos.org'...
copying path '/nix/store/h8gaqrb6znm6bx3bgk6z1qz34g5ln355-libseccomp-2.6.0-lib' from 'https://cache.nixos.org'...
copying path '/nix/store/yw9ks7f8sx384yw37xrsqdxn2ljw2d1y-libxml2-2.14.6' from 'https://cache.nixos.org'...
copying path '/nix/store/lngm7vwbcpibmqnr113rfllw6rj98vg8-llhttp-9.3.0' from 'https://cache.nixos.org'...
copying path '/nix/store/d73v84fprk85g7hxaxalb9pyiqk0mp9g-lowdown-2.0.2-lib' from 'https://cache.nixos.org'...
copying path '/nix/store/j6ls69li3158l5lvb9pvwm6l28na4a31-mpdecimal-4.0.1' from 'https://cache.nixos.org'...
copying path '/nix/store/jj3knbpiiwbwmplin208h775gzm86rc3-acl-2.3.2' from 'https://cache.nixos.org'...
copying path '/nix/store/lm4wm3f4ynilxw8yvgqq0hj2ng8ky9xy-ncurses-6.5' from 'https://cache.nixos.org'...
copying path '/nix/store/r3w46fdy5cckfr5gqhzz7v924kvjlp5q-nghttp2-1.67.1-lib' from 'https://cache.nixos.org'...
copying path '/nix/store/c8r8yaid1wa7p23x72cdsvcp9mic2bfy-nghttp3-1.11.0' from 'https://cache.nixos.org'...
copying path '/nix/store/vvji6qglwdhr0yp1rgjlxm9smi81cib6-aws-c-compression-0.3.1' from 'https://cache.nixos.org'...
copying path '/nix/store/fv3xk0scymks235pz05q02z52997nn0b-aws-checksums-0.2.7' from 'https://cache.nixos.org'...
copying path '/nix/store/284z5c5y4j3bky2rl926pv94s11s4r2w-aws-c-sdkutils-0.2.4' from 'https://cache.nixos.org'...
copying path '/nix/store/0837wpkjb27cr70bi3pc4g2rw5v9r63l-openssl-3.5.2' from 'https://cache.nixos.org'...
copying path '/nix/store/wqlkv0cjacnm7arca156p3d3vh0kdbmk-pcre2-10.46' from 'https://cache.nixos.org'...
copying path '/nix/store/v4sfam5b2zwlfjpmxwcc30l6mm94n3y4-perl5.40.0-Clone-0.46' from 'https://cache.nixos.org'...
copying path '/nix/store/nzz2zvm89s06lpl8an0haxq7bdkwp3rp-perl5.40.0-Crypt-URandom-0.54' from 'https://cache.nixos.org'...
copying path '/nix/store/wd4i398mh329vhw93mvmamw3hrnhl257-gzip-1.14' from 'https://cache.nixos.org'...
copying path '/nix/store/983xgmfghfpn1ywklv9q675gfsqyw76i-perl5.40.0-FCGI-0.82' from 'https://cache.nixos.org'...
copying path '/nix/store/rhl954r78sjv12m3xjwllnxhqaz8zzg9-perl5.40.0-TermReadKey-2.38' from 'https://cache.nixos.org'...
copying path '/nix/store/vxz6inad3bs7n1w283hhz4rgzqhd1bn3-util-linux-minimal-2.41.1-lib' from 'https://cache.nixos.org'...
copying path '/nix/store/swqs30pymm3ymv2qnkzs353xmpgr80jr-xz-5.8.1' from 'https://cache.nixos.org'...
copying path '/nix/store/6qi8skh85ci2k9gvl27nnh3kiy32qnsz-zlib-1.3.1' from 'https://cache.nixos.org'...
copying path '/nix/store/6g1cmlqmm5s7fnrvbb168wz32qzhyvjc-zlib-ng-2.2.5' from 'https://cache.nixos.org'...
copying path '/nix/store/3djwqd17hb9rzcszjgs4c6gkqxjbmmd8-perl5.40.0-HTTP-Message-6.45' from 'https://cache.nixos.org'...
copying path '/nix/store/pz1n0d1ghrmqzmya3cbdpjf2305jbzw3-perl5.40.0-Authen-SASL-2.1900' from 'https://cache.nixos.org'...
copying path '/nix/store/jqrf546vxc6nzf4575m4am3w4ywq765i-sqlite-3.50.4' from 'https://cache.nixos.org'...
copying path '/nix/store/skpb21n3bz8gfdsdnwa7kj0vbwl0knc7-perl5.40.0-HTML-Parser-3.81' from 'https://cache.nixos.org'...
copying path '/nix/store/xl9gh9y9i7b8km8d9qj20m041ylxnv58-perl5.40.0-HTTP-Daemon-6.16' from 'https://cache.nixos.org'...
copying path '/nix/store/xkf0bmlxmbbgcqwalgzgb4g0j8q24bki-perl5.40.0-HTTP-Cookies-6.10' from 'https://cache.nixos.org'...
copying path '/nix/store/ynns7bpgpxg4d8fr5hc83vlxagjibsw5-perl5.40.0-HTTP-Negotiate-6.01' from 'https://cache.nixos.org'...
copying path '/nix/store/d59x637yk5v79qdw78qxffc1lgz32lcy-perl5.40.0-CGI-4.59' from 'https://cache.nixos.org'...
copying path '/nix/store/6q57mnfak3q8ss656qgp245qzqvnniyr-gnugrep-3.12' from 'https://cache.nixos.org'...
copying path '/nix/store/0rq5wg0y4hi057j4wxl2x26c4v6p4yiy-boehm-gc-8.2.8' from 'https://cache.nixos.org'...
copying path '/nix/store/hpyfq2n0qr4qj3z1f7d2diw8sql5m84f-icu4c-76.1' from 'https://cache.nixos.org'...
copying path '/nix/store/78xkc7z5m21chq7p6awrzgznz83xyml0-gmp-with-cxx-6.3.0' from 'https://cache.nixos.org'...
copying path '/nix/store/vxhqq9paalnry3qaxlfhiqda9886akd3-gettext-0.25.1' from 'https://cache.nixos.org'...
copying path '/nix/store/34g76lg3qsd6r9mh2450igcx151ig9h4-zstd-1.5.7' from 'https://cache.nixos.org'...
copying path '/nix/store/pxyw6j1jzxw1sps6pwb8pv1zlp50psbx-onetbb-2022.2.0' from 'https://cache.nixos.org'...
copying path '/nix/store/bdscjjlb5cr4q5zx7qrx3v9766fyz9m6-perl5.40.0-CGI-Fast-2.16' from 'https://cache.nixos.org'...
copying path '/nix/store/nbqa9c5kyzy2i6d95vndpl5xym66hhn5-libblake3-1.8.2' from 'https://cache.nixos.org'...
copying path '/nix/store/00bc157nm93q5fjz551fwk60ihlbilvj-coreutils-9.7' from 'https://cache.nixos.org'...
copying path '/nix/store/y5jlqs71bphdxc5wr0qg3sycsaaiwh60-aws-c-cal-0.9.2' from 'https://cache.nixos.org'...
copying path '/nix/store/2cvn84b1xd2klr6pfqqymb2h0jallnkk-perl5.40.0-Net-SSLeay-1.92' from 'https://cache.nixos.org'...
copying path '/nix/store/x0irf9l0d56zmyz6lb0da0dhwgdfayav-s2n-tls-1.5.26' from 'https://cache.nixos.org'...
copying path '/nix/store/mkf5y3rm5aaxl1pxqf81wa9ahlwk6gdr-libssh2-1.11.1' from 'https://cache.nixos.org'...
copying path '/nix/store/xn5g4ncd73szqypzzmd98dk8xlzncwk4-krb5-1.22.1-lib' from 'https://cache.nixos.org'...
copying path '/nix/store/aakri4kzhxb04hij6fz99a2r8d8sbbxa-libarchive-3.8.1-lib' from 'https://cache.nixos.org'...
copying path '/nix/store/cbgfgddkai62pkw22ls37c5rpbx25820-ngtcp2-1.15.1' from 'https://cache.nixos.org'...
copying path '/nix/store/zqkjn730gir222v3mkp82c1pmqfb2j0l-readline-8.3p1' from 'https://cache.nixos.org'...
copying path '/nix/store/v1rqcqjajvr1n7splqzgxw1ffp2c7fqq-libgit2-1.9.1-lib' from 'https://cache.nixos.org'...
copying path '/nix/store/wq1cxh4s8rz8vs4ssp2z49v96m0nhxhj-findutils-4.10.0' from 'https://cache.nixos.org'...
copying path '/nix/store/k2y9xpcdqxma66kag80nhbv0pq2bznzf-perl-5.40.0' from 'https://cache.nixos.org'...
copying path '/nix/store/760wzvlbagshgpj8ki45qzadi8mljlay-aws-c-io-0.22.0' from 'https://cache.nixos.org'...
copying path '/nix/store/qf7v46w8bmvpg7fryjzrjjv4cfdkf6vb-perl5.40.0-IO-Socket-SSL-2.083' from 'https://cache.nixos.org'...
copying path '/nix/store/2j7r5np0vaz4cnqkymp1mqivmjj1x9xl-bash-interactive-5.3p3' from 'https://cache.nixos.org'...
copying path '/nix/store/62fdlzq1x1ak2lsxp4ij7ip5k9nia3hc-python3-3.13.7' from 'https://cache.nixos.org'...
copying path '/nix/store/67f2vnnvsf4gvkfhi494rk47fja4pz0x-perl5.40.0-Net-SMTP-SSL-1.04' from 'https://cache.nixos.org'...
copying path '/nix/store/n998r3m3n4yr37bjca1hsqqfc77jgbyw-aws-c-event-stream-0.5.7' from 'https://cache.nixos.org'...
copying path '/nix/store/y8n3yqamx85486qd3awiv91s55abkymc-curl-8.16.0' from 'https://cache.nixos.org'...
copying path '/nix/store/q3561ks3vzw6na6q79yl65ab0127dhim-aws-c-http-0.10.4' from 'https://cache.nixos.org'...
copying path '/nix/store/xn9cqjzbbqlrahbx7mjqficsdym2wz4w-aws-c-mqtt-0.13.3' from 'https://cache.nixos.org'...
copying path '/nix/store/wh23zh89gvcpcl1siil6vq7nis22qsz9-aws-c-auth-0.9.1' from 'https://cache.nixos.org'...
copying path '/nix/store/r8aig7sp10p67i2g77iipjprrhkf8vbw-aws-c-s3-0.8.7' from 'https://cache.nixos.org'...
copying path '/nix/store/682hlyp72pfgrga9gwfckfmxia8n0cx6-git-minimal-2.51.0' from 'https://cache.nixos.org'...
copying path '/nix/store/lxrb2bhd1p954adwhwnz7dqrfs54jm5c-aws-crt-cpp-0.34.3' from 'https://cache.nixos.org'...
copying path '/nix/store/xm7jnwmw6igf0c7n84zjsyahj5vdq3d3-aws-sdk-cpp-1.11.647' from 'https://cache.nixos.org'...
copying path '/nix/store/3f961lfjaswpa07sscarl5fffy05iwag-boost-1.87.0' from 'https://cache.nixos.org'...
copying path '/nix/store/8yk8ij7n99fz6mlwv51vdnhdajfc272j-nix-util-2.31.2' from 'https://cache.nixos.org'...
copying path '/nix/store/s40qyic0va1yyvprypv8qldl7mf70m0s-nix-prefetch-git' from 'https://cache.nixos.org'...
copying path '/nix/store/z4ybb29zsicdaw4jk3bx0n3f6rhfflzk-nix-store-2.31.2' from 'https://cache.nixos.org'...
copying path '/nix/store/yb2hi2nji5lp3dh1fbagh75685spgnl0-perl5.40.0-libwww-perl-6.72' from 'https://cache.nixos.org'...
copying path '/nix/store/v3vx4hdshbjp1yjhykh06y1lzzz056w6-nix-fetchers-2.31.2' from 'https://cache.nixos.org'...
copying path '/nix/store/asb7rgy9isyfxz0djxybn5bf75kh7afm-nix-main-2.31.2' from 'https://cache.nixos.org'...
copying path '/nix/store/9z9bjn33zj0baks976r2bxvvf05l30az-nix-expr-2.31.2' from 'https://cache.nixos.org'...
copying path '/nix/store/sy0qvg87vqgsjnvdvxj5gmchymfksky5-nix-flake-2.31.2' from 'https://cache.nixos.org'...
copying path '/nix/store/a9ccqfpf2m82gr3cngy8244q4kia3d3l-nix-cmd-2.31.2' from 'https://cache.nixos.org'...
copying path '/nix/store/n3yfk9nz6c3m2wi897bj0zwd5z0qkj46-nix-2.31.2' from 'https://cache.nixos.org'...
copying path '/nix/store/2hi6rw5m36as8drc4s47snk7bz3mlbgf-nix-2.31.2' from 'https://cache.nixos.org'...
copying path '/nix/store/0vbjxlqj8zp0pdjl2szvg17a98vqwyqj-git-2.51.0' from 'https://cache.nixos.org'...
copying path '/nix/store/5jym8j31r011dqi0swp6sh0p8wlybw0p-python3.13-argcomplete-3.6.2' from 'https://cache.nixos.org'...
copying path '/nix/store/dhi1p814nmkwy76d98vfkak3c00mxk21-nixpkgs-review-3.5.1' from 'https://cache.nixos.org'...
copying path '/nix/store/h47sjkaqidvy6i8b7gqm2pm6jrs538kj-nix-update-1.13.1' from 'https://krezh.cachix.org'...
$ nix-instantiate --eval --json --strict /nix/store/h47sjkaqidvy6i8b7gqm2pm6jrs538kj-nix-update-1.13.1/lib/python3.13/site-packages/nix_update/eval.nix --argstr importPath /home/runner/work/nix-config/nix-config --argstr attribute '["talosctl"]' --arg isFlake true --arg sanitizePositions true
fetch https://github.com/siderolabs/talos/releases.atom
$ git diff --color=never --word-diff=porcelain -- /home/runner/work/nix-config/nix-config/pkgs/bin/talosctl/default.nix
Not updating version, already 1.11.2
$ git -C /home/runner/work/nix-config/nix-config diff -- /home/runner/work/nix-config/nix-config/pkgs/bin/talosctl
No changes detected, skipping remaining steps
